2018-05-23 14:49:25,886 [Worker-4] INFO  c.g.t.t.d.PublishedGradleVersions - Gradle version information cache is out-of-date. Trying to update.
2018-05-23 14:49:46,727 [Start Help Server] INFO  org.eclipse.jetty.util.log - Logging initialized @51579ms to org.eclipse.jetty.util.log.Slf4jLog
2018-05-23 14:49:46,886 [Start Help Server] INFO  org.eclipse.jetty.server.Server - jetty-9.4.8.v20171121, build timestamp: 2017-11-21T14:27:37-07:00, git hash: 82b8fb23f757335bb3329d540ce37a2a2615f0a8
2018-05-23 14:49:46,925 [Start Help Server] INFO  org.eclipse.jetty.server.session - DefaultSessionIdManager workerName=node0
2018-05-23 14:49:46,925 [Start Help Server] INFO  org.eclipse.jetty.server.session - No SessionScavenger set, using defaults
2018-05-23 14:49:46,926 [Start Help Server] INFO  org.eclipse.jetty.server.session - Scavenging every 660000ms
2018-05-23 14:49:46,945 [Start Help Server] INFO  o.e.j.server.handler.ContextHandler - Started o.e.j.s.ServletContextHandler@5f7e956c{/help,null,AVAILABLE}
2018-05-23 14:49:46,984 [Start Help Server] INFO  o.e.jetty.server.AbstractConnector - Started ServerConnector@6bce8bd{HTTP/1.1,[http/1.1]}{127.0.0.1:10278}
2018-05-23 14:49:46,984 [Start Help Server] INFO  org.eclipse.jetty.server.Server - Started @51836ms
2018-05-23 17:10:56,271 [Stop Help Server] INFO  o.e.jetty.server.AbstractConnector - Stopped ServerConnector@6bce8bd{HTTP/1.1,[http/1.1]}{127.0.0.1:0}
2018-05-23 17:10:56,273 [Stop Help Server] INFO  org.eclipse.jetty.server.session - Stopped scavenging
2018-05-23 17:10:56,393 [Stop Help Server] INFO  o.e.j.server.handler.ContextHandler - Stopped o.e.j.s.ServletContextHandler@5f7e956c{/help,null,UNAVAILABLE}
2018-05-24 09:37:16,209 [Worker-2] INFO  c.g.t.t.d.PublishedGradleVersions - Gradle version information cache is up-to-date. Trying to read.
2018-05-24 09:39:22,734 [Worker-4] INFO  c.g.t.t.d.PublishedGradleVersions - Gradle version information cache is up-to-date. Trying to read.
2018-05-24 15:49:20,605 [Worker-1] INFO  c.g.t.t.d.PublishedGradleVersions - Gradle version information cache is out-of-date. Trying to update.
2018-05-25 09:32:34,692 [Worker-6] INFO  c.g.t.t.d.PublishedGradleVersions - Gradle version information cache is up-to-date. Trying to read.
2018-05-29 09:43:42,406 [Worker-0] INFO  c.g.t.t.d.PublishedGradleVersions - Gradle version information cache is out-of-date. Trying to update.
2018-05-30 11:15:32,685 [Worker-4] INFO  c.g.t.t.d.PublishedGradleVersions - Gradle version information cache is out-of-date. Trying to update.
2018-05-30 16:57:16,367 [Worker-0] INFO  c.g.t.t.d.PublishedGradleVersions - Gradle version information cache is up-to-date. Trying to read.
2018-05-31 13:57:27,435 [Worker-4] INFO  c.g.t.t.d.PublishedGradleVersions - Gradle version information cache is out-of-date. Trying to update.
2018-06-01 09:19:18,726 [Worker-6] INFO  c.g.t.t.d.PublishedGradleVersions - Gradle version information cache is up-to-date. Trying to read.
